<?xml version="1.0" encoding="UTF-8"?>
<testsuite xmlns:xsi="http://www.w3.org/2001/XMLSchema-instance" xsi:noNamespaceSchemaLocation="https://maven.apache.org/surefire/maven-surefire-plugin/xsd/surefire-test-report.xsd" version="3.0.2" name="com.PerfectPantry.PerfectPantry.PerfectPantryApplicationTests" time="5.62" tests="1" errors="0" skipped="0" failures="0" flakes="0">
  <properties>
[...]
</properties>
  <testcase name="contextLoads" classname="com.PerfectPantry.PerfectPantry.PerfectPantryApplicationTests" time="0.799">
    <system-out><![CDATA[20:41:48.624 [main] INFO org.springframework.test.context.support.AnnotationConfigContextLoaderUtils -- Could not detect default configuration classes for test class [com.PerfectPantry.PerfectPantry.PerfectPantryApplicationTests]: PerfectPantryApplicationTests does not declare any static, non-private, non-final, nested classes annotated with @Configuration.
20:41:48.822 [main] INFO org.springframework.boot.test.context.SpringBootTestContextBootstrapper -- Found @SpringBootConfiguration com.PerfectPantry.PerfectPantry.PerfectPantryApplication for test class com.PerfectPantry.PerfectPantry.PerfectPantryApplicationTests
20:41:48.979 [main] INFO org.springframework.test.context.support.AnnotationConfigContextLoaderUtils -- Could not detect default configuration classes for test class [com.PerfectPantry.PerfectPantry.PerfectPantryApplicationTests]: PerfectPantryApplicationTests does not declare any static, non-private, non-final, nested classes annotated with @Configuration.
20:41:48.983 [main] INFO org.springframework.boot.test.context.SpringBootTestContextBootstrapper -- Found @SpringBootConfiguration com.PerfectPantry.PerfectPantry.PerfectPantryApplication for test class com.PerfectPantry.PerfectPantry.PerfectPantryApplicationTests
20:41:49.121 [main] INFO org.springframework.boot.devtools.restart.RestartApplicationListener -- Restart disabled due to context in which it is running

  .   ____          _            __ _ _
 /\\ / ___'_ __ _ _(_)_ __  __ _ \ \ \ \
( ( )\___ | '_ | '_| | '_ \/ _` | \ \ \ \
 \\/  ___)| |_)| | | | | || (_| |  ) ) ) )
  '  |____| .__|_| |_|_| |_\__, | / / / /
 =========|_|==============|___/=/_/_/_/

 :: Spring Boot ::                (v4.0.5)

2026-04-16T20:41:49.476-04:00  INFO 21820 --- [PerfectPantry] [           main] c.P.P.PerfectPantryApplicationTests      : Starting PerfectPantryApplicationTests using Java 24.0.2 with PID 21820 (started by evanf in C:\Users\evanf\Documents\projects\PerfectPantryBackend)
2026-04-16T20:41:49.477-04:00  INFO 21820 --- [PerfectPantry] [           main] c.P.P.PerfectPantryApplicationTests      : No active profile set, falling back to 1 default profile: "default"
2026-04-16T20:41:50.661-04:00  INFO 21820 --- [PerfectPantry] [           main] .s.d.r.c.RepositoryConfigurationDelegate : Bootstrapping Spring Data JDBC repositories in DEFAULT mode.
2026-04-16T20:41:50.693-04:00  INFO 21820 --- [PerfectPantry] [           main] .s.d.r.c.RepositoryConfigurationDelegate : Finished Spring Data repository scanning in 19 ms. Found 0 JDBC repository interfaces.
2026-04-16T20:41:51.455-04:00  INFO 21820 --- [PerfectPantry] [           main] com.zaxxer.hikari.HikariDataSource       : HikariPool-1 - Starting...
2026-04-16T20:41:51.998-04:00  INFO 21820 --- [PerfectPantry] [           main] com.zaxxer.hikari.pool.HikariPool        : HikariPool-1 - Added connection org.postgresql.jdbc.PgConnection@ace2408
2026-04-16T20:41:52.000-04:00  INFO 21820 --- [PerfectPantry] [           main] com.zaxxer.hikari.HikariDataSource       : HikariPool-1 - Start completed.
2026-04-16T20:41:53.107-04:00  INFO 21820 --- [PerfectPantry] [           main] c.P.P.PerfectPantryApplicationTests      : Started PerfectPantryApplicationTests in 4.008 seconds (process running for 5.807)
]]></system-out>
    <system-err><![CDATA[Mockito is currently self-attaching to enable the inline-mock-maker. This will no longer work in future releases of the JDK. Please add Mockito as an agent to your build as described in Mockito's documentation: https://javadoc.io/doc/org.mockito/mockito-core/latest/org.mockito/org/mockito/Mockito.html#0.3
WARNING: A Java agent has been loaded dynamically (C:\Users\evanf\.m2\repository\net\bytebuddy\byte-buddy-agent\1.17.8\byte-buddy-agent-1.17.8.jar)
WARNING: If a serviceability tool is in use, please run with -XX:+EnableDynamicAgentLoading to hide this warning
WARNING: If a serviceability tool is not in use, please run with -Djdk.instrument.traceUsage for more information
WARNING: Dynamic loading of agents will be disallowed by default in a future release
]]></system-err>
  </testcase>
</testsuite>