<?xml version="1.0" encoding="UTF-8"?>
<testsuite xmlns:xsi="http://www.w3.org/2001/XMLSchema-instance" xsi:noNamespaceSchemaLocation="https://maven.apache.org/surefire/maven-surefire-plugin/xsd/surefire-test-report.xsd" version="3.0.2" name="com.PerfectPantry.PerfectPantry.PersonsApiIntegrationTests" time="6.162" tests="1" errors="1" skipped="0" failures="0" flakes="0">
  <properties>
[...]
</properties>
  <testcase name="Verify that the GET request on the v1 persons endpoint returns Messi and Ronaldo" classname="com.PerfectPantry.PerfectPantry.PersonsApiIntegrationTests" time="1.219">
    <error message="Cannot invoke &quot;Object.hashCode()&quot; because &quot;key&quot; is null" type="java.lang.NullPointerException"><![CDATA[java.lang.NullPointerException: Cannot invoke "Object.hashCode()" because "key" is null
	at java.base/java.util.concurrent.ConcurrentHashMap.get(ConcurrentHashMap.java:948)
	at groovy.lang.MetaClassImpl.getMetaProperty(MetaClassImpl.java:2841)
	at groovy.lang.MetaClassImpl.setProperty(MetaClassImpl.java:2712)
	at org.codehaus.groovy.runtime.ScriptBytecodeAdapter.setProperty(ScriptBytecodeAdapter.java:509)
	at io.restassured.internal.RequestSpecificationImpl.applyProxySettings(RequestSpecificationImpl.groovy:2047)
	at io.restassured.internal.RequestSpecificationImpl.this$2$applyProxySettings(RequestSpecificationImpl.groovy)
	at java.base/jdk.internal.reflect.DirectMethodHandleAccessor.invoke(DirectMethodHandleAccessor.java:104)
	at java.base/java.lang.reflect.Method.invoke(Method.java:565)
	at org.codehaus.groovy.reflection.CachedMethod.invoke(CachedMethod.java:338)
	at groovy.lang.MetaMethod.doMethodInvoke(MetaMethod.java:274)
	at groovy.lang.MetaClassImpl.invokeMethod(MetaClassImpl.java:1242)
	at groovy.lang.MetaClassImpl.invokeMethod(MetaClassImpl.java:1015)
	at groovy.lang.MetaClassImpl.invokeMethod(MetaClassImpl.java:800)
	at io.restassured.internal.RequestSpecificationImpl.invokeMethod(RequestSpecificationImpl.groovy)
	at org.codehaus.groovy.runtime.callsite.PogoInterceptableSite.call(PogoInterceptableSite.java:46)
	at org.codehaus.groovy.runtime.callsite.PogoInterceptableSite.callCurrent(PogoInterceptableSite.java:57)
	at org.codehaus.groovy.runtime.callsite.CallSiteArray.defaultCallCurrent(CallSiteArray.java:49)
	at org.codehaus.groovy.runtime.callsite.AbstractCallSite.callCurrent(AbstractCallSite.java:171)
	at org.codehaus.groovy.runtime.callsite.AbstractCallSite.callCurrent(AbstractCallSite.java:185)
	at io.restassured.internal.RequestSpecificationImpl.sendRequest(RequestSpecificationImpl.groovy:1169)
	at io.restassured.internal.RequestSpecificationImpl.this$2$sendRequest(RequestSpecificationImpl.groovy)
	at java.base/jdk.internal.reflect.DirectMethodHandleAccessor.invoke(DirectMethodHandleAccessor.java:104)
	at java.base/java.lang.reflect.Method.invoke(Method.java:565)
	at org.codehaus.groovy.reflection.CachedMethod.invoke(CachedMethod.java:338)
	at groovy.lang.MetaMethod.doMethodInvoke(MetaMethod.java:274)
	at groovy.lang.MetaClassImpl.invokeMethod(MetaClassImpl.java:1242)
	at groovy.lang.MetaClassImpl.invokeMethod(MetaClassImpl.java:1015)
	at groovy.lang.MetaClassImpl.invokeMethod(MetaClassImpl.java:800)
	at io.restassured.internal.RequestSpecificationImpl.invokeMethod(RequestSpecificationImpl.groovy)
	at org.codehaus.groovy.runtime.callsite.PogoInterceptableSite.call(PogoInterceptableSite.java:46)
	at org.codehaus.groovy.runtime.callsite.CallSiteArray.defaultCall(CallSiteArray.java:45)
	at org.codehaus.groovy.runtime.callsite.AbstractCallSite.call(AbstractCallSite.java:125)
	at org.codehaus.groovy.runtime.callsite.AbstractCallSite.call(AbstractCallSite.java:166)
	at io.restassured.internal.filter.SendRequestFilter.filter(SendRequestFilter.groovy:30)
	at io.restassured.filter.Filter$filter$0.call(Unknown Source)
	at org.codehaus.groovy.runtime.callsite.CallSiteArray.defaultCall(CallSiteArray.java:45)
	at io.restassured.filter.Filter$filter.call(Unknown Source)
	at io.restassured.internal.filter.FilterContextImpl.next(FilterContextImpl.groovy:72)
	at io.restassured.filter.time.TimingFilter.filter(TimingFilter.java:56)
	at io.restassured.filter.Filter$filter.call(Unknown Source)
	at org.codehaus.groovy.runtime.callsite.CallSiteArray.defaultCall(CallSiteArray.java:45)
	at io.restassured.filter.Filter$filter$0.call(Unknown Source)
	at io.restassured.internal.filter.FilterContextImpl.next(FilterContextImpl.groovy:72)
	at io.restassured.filter.FilterContext$next.call(Unknown Source)
	at org.codehaus.groovy.runtime.callsite.CallSiteArray.defaultCall(CallSiteArray.java:45)
	at org.codehaus.groovy.runtime.callsite.AbstractCallSite.call(AbstractCallSite.java:125)
	at org.codehaus.groovy.runtime.callsite.AbstractCallSite.call(AbstractCallSite.java:148)
	at io.restassured.internal.filter.CsrfFilter.filter(CsrfFilter.groovy:70)
	at io.restassured.filter.Filter$filter$0.call(Unknown Source)
	at org.codehaus.groovy.runtime.callsite.CallSiteArray.defaultCall(CallSiteArray.java:45)
	at io.restassured.filter.Filter$filter.call(Unknown Source)
	at io.restassured.internal.filter.FilterContextImpl.next(FilterContextImpl.groovy:72)
	at io.restassured.filter.log.StatusCodeBasedLoggingFilter.filter(StatusCodeBasedLoggingFilter.java:112)
	at io.restassured.filter.log.ResponseLoggingFilter.filter(ResponseLoggingFilter.java:31)
	at io.restassured.filter.Filter$filter.call(Unknown Source)
	at org.codehaus.groovy.runtime.callsite.CallSiteArray.defaultCall(CallSiteArray.java:45)
	at io.restassured.filter.Filter$filter.call(Unknown Source)
	at io.restassured.internal.filter.FilterContextImpl.next(FilterContextImpl.groovy:72)
	at io.restassured.filter.log.RequestLoggingFilter.filter(RequestLoggingFilter.java:148)
	at io.restassured.filter.Filter$filter.call(Unknown Source)
	at org.codehaus.groovy.runtime.callsite.CallSiteArray.defaultCall(CallSiteArray.java:45)
	at org.codehaus.groovy.runtime.callsite.AbstractCallSite.call(AbstractCallSite.java:125)
	at org.codehaus.groovy.runtime.callsite.AbstractCallSite.call(AbstractCallSite.java:157)
	at io.restassured.internal.filter.FilterContextImpl.next(FilterContextImpl.groovy:72)
	at io.restassured.filter.FilterContext$next.call(Unknown Source)
	at org.codehaus.groovy.runtime.callsite.CallSiteArray.defaultCall(CallSiteArray.java:45)
	at org.codehaus.groovy.runtime.callsite.AbstractCallSite.call(AbstractCallSite.java:125)
	at org.codehaus.groovy.runtime.callsite.AbstractCallSite.call(AbstractCallSite.java:148)
	at io.restassured.internal.RequestSpecificationImpl.applyPathParamsAndSendRequest(RequestSpecificationImpl.groovy:1704)
	at io.restassured.internal.RequestSpecificationImpl.this$2$applyPathParamsAndSendRequest(RequestSpecificationImpl.groovy)
	at java.base/jdk.internal.reflect.DirectMethodHandleAccessor.invoke(DirectMethodHandleAccessor.java:104)
	at java.base/java.lang.reflect.Method.invoke(Method.java:565)
	at org.codehaus.groovy.reflection.CachedMethod.invoke(CachedMethod.java:338)
	at groovy.lang.MetaMethod.doMethodInvoke(MetaMethod.java:274)
	at groovy.lang.MetaClassImpl.invokeMethod(MetaClassImpl.java:1242)
	at groovy.lang.MetaClassImpl.invokeMethod(MetaClassImpl.java:1015)
	at groovy.lang.MetaClassImpl.invokeMethod(MetaClassImpl.java:800)
	at io.restassured.internal.RequestSpecificationImpl.invokeMethod(RequestSpecificationImpl.groovy)
	at org.codehaus.groovy.runtime.callsite.PogoInterceptableSite.call(PogoInterceptableSite.java:46)
	at org.codehaus.groovy.runtime.callsite.PogoInterceptableSite.callCurrent(PogoInterceptableSite.java:57)
	at org.codehaus.groovy.runtime.callsite.CallSiteArray.defaultCallCurrent(CallSiteArray.java:49)
	at org.codehaus.groovy.runtime.callsite.AbstractCallSite.callCurrent(AbstractCallSite.java:171)
	at org.codehaus.groovy.runtime.callsite.AbstractCallSite.callCurrent(AbstractCallSite.java:203)
	at io.restassured.internal.RequestSpecificationImpl.applyPathParamsAndSendRequest(RequestSpecificationImpl.groovy:1710)
	at io.restassured.internal.RequestSpecificationImpl.this$2$applyPathParamsAndSendRequest(RequestSpecificationImpl.groovy)
	at java.base/jdk.internal.reflect.DirectMethodHandleAccessor.invoke(DirectMethodHandleAccessor.java:104)
	at java.base/java.lang.reflect.Method.invoke(Method.java:565)
	at org.codehaus.groovy.reflection.CachedMethod.invoke(CachedMethod.java:338)
	at groovy.lang.MetaMethod.doMethodInvoke(MetaMethod.java:274)
	at groovy.lang.MetaClassImpl.invokeMethod(MetaClassImpl.java:1242)
	at groovy.lang.MetaClassImpl.invokeMethod(MetaClassImpl.java:1015)
	at groovy.lang.MetaClassImpl.invokeMethod(MetaClassImpl.java:800)
	at io.restassured.internal.RequestSpecificationImpl.invokeMethod(RequestSpecificationImpl.groovy)
	at org.codehaus.groovy.runtime.callsite.PogoInterceptableSite.call(PogoInterceptableSite.java:46)
	at org.codehaus.groovy.runtime.callsite.PogoInterceptableSite.callCurrent(PogoInterceptableSite.java:57)
	at org.codehaus.groovy.runtime.callsite.CallSiteArray.defaultCallCurrent(CallSiteArray.java:49)
	at org.codehaus.groovy.runtime.callsite.AbstractCallSite.callCurrent(AbstractCallSite.java:171)
	at org.codehaus.groovy.runtime.callsite.AbstractCallSite.callCurrent(AbstractCallSite.java:203)
	at io.restassured.internal.RequestSpecificationImpl.get(RequestSpecificationImpl.groovy:172)
	at io.restassured.internal.RequestSpecificationImpl.get(RequestSpecificationImpl.groovy)
	at com.PerfectPantry.PerfectPantry.PersonsApiIntegrationTests.Verify_that_the_GET_request_on_the_v1_persons_endpoint_returns_Messi_and_Ronaldo$lambda$1(PersonsApiIntegrationTests.kt:82)
	at io.restassured.module.kotlin.extensions.RestAssuredKotlinExtensionsKt.When(RestAssuredKotlinExtensions.kt:43)
	at com.PerfectPantry.PerfectPantry.PersonsApiIntegrationTests.Verify that the GET request on the v1 persons endpoint returns Messi and Ronaldo(PersonsApiIntegrationTests.kt:79)
]]></error>
    <system-out><![CDATA[2026-04-16T20:41:54.002-04:00  INFO 21820 --- [PerfectPantry] [           main] org.testcontainers.images.PullPolicy     : Image pull policy will be performed by: DefaultPullPolicy()
2026-04-16T20:41:54.005-04:00  INFO 21820 --- [PerfectPantry] [           main] o.t.utility.ImageNameSubstitutor         : Image name substitution will be performed by: DefaultImageNameSubstitutor (composite of 'ConfigurationFileImageNameSubstitutor' and 'PrefixingImageNameSubstitutor')
2026-04-16T20:41:54.018-04:00  INFO 21820 --- [PerfectPantry] [           main] org.testcontainers.DockerClientFactory   : Testcontainers version: 2.0.4
2026-04-16T20:41:54.293-04:00  INFO 21820 --- [PerfectPantry] [           main] o.t.d.DockerClientProviderStrategy       : Loaded org.testcontainers.dockerclient.NpipeSocketClientProviderStrategy from ~/.testcontainers.properties, will try it first
2026-04-16T20:41:54.760-04:00  INFO 21820 --- [PerfectPantry] [           main] o.t.d.DockerClientProviderStrategy       : Found Docker environment with local Npipe socket (npipe:////./pipe/docker_engine)
2026-04-16T20:41:54.761-04:00  INFO 21820 --- [PerfectPantry] [           main] org.testcontainers.DockerClientFactory   : Docker host IP address is localhost
2026-04-16T20:41:54.784-04:00  INFO 21820 --- [PerfectPantry] [           main] org.testcontainers.DockerClientFactory   : Connected to docker: 
  Server Version: 29.4.0
  API Version: 1.54
  Operating System: Docker Desktop
  Total Memory: 7809 MB
  Labels: 
    com.docker.desktop.address=npipe://\\.\pipe\docker_cli
2026-04-16T20:41:54.886-04:00  INFO 21820 --- [PerfectPantry] [           main] tc.testcontainers/ryuk:0.14.0            : Creating container for image: testcontainers/ryuk:0.14.0
2026-04-16T20:41:54.946-04:00  INFO 21820 --- [PerfectPantry] [           main] o.t.utility.RegistryAuthLocator          : Failure when attempting to lookup auth config. Please ignore if you don't have images in an authenticated registry. Details: (dockerImageName: testcontainers/ryuk:0.14.0, configFile: C:\Users\evanf\.docker\config.json, configEnv: DOCKER_AUTH_CONFIG). Falling back to docker-java default behaviour. Exception message: 
2026-04-16T20:41:55.112-04:00  INFO 21820 --- [PerfectPantry] [           main] tc.testcontainers/ryuk:0.14.0            : Container testcontainers/ryuk:0.14.0 is starting: c485ad5616ce3c95106bd8088f87c31f59c524c30b1fa8794b1e3f4e1b201f79
2026-04-16T20:41:55.623-04:00  INFO 21820 --- [PerfectPantry] [           main] tc.testcontainers/ryuk:0.14.0            : Container testcontainers/ryuk:0.14.0 started in PT0.737093S
2026-04-16T20:41:55.634-04:00  INFO 21820 --- [PerfectPantry] [           main] o.t.utility.RyukResourceReaper           : Ryuk started - will monitor and terminate Testcontainers containers on JVM exit
2026-04-16T20:41:55.635-04:00  INFO 21820 --- [PerfectPantry] [           main] org.testcontainers.DockerClientFactory   : Checking the system...
2026-04-16T20:41:55.635-04:00  INFO 21820 --- [PerfectPantry] [           main] org.testcontainers.DockerClientFactory   : ?? Docker server version should be at least 1.6.0
2026-04-16T20:41:55.636-04:00  INFO 21820 --- [PerfectPantry] [           main] tc.postgres:16                           : Creating container for image: postgres:16
2026-04-16T20:41:55.729-04:00  INFO 21820 --- [PerfectPantry] [           main] tc.postgres:16                           : Container postgres:16 is starting: 0c578ca46578e56d772ce0179a9d3a1eb470eb26a7b32e462d0243cfb1b302b3
2026-04-16T20:41:57.496-04:00  INFO 21820 --- [PerfectPantry] [           main] tc.postgres:16                           : Container postgres:16 started in PT1.859988S
2026-04-16T20:41:57.497-04:00  INFO 21820 --- [PerfectPantry] [           main] tc.postgres:16                           : Container is started (JDBC URL: jdbc:postgresql://localhost:51285/testdb?loggerLevel=OFF)
2026-04-16T20:41:57.502-04:00  INFO 21820 --- [PerfectPantry] [           main] t.c.s.AnnotationConfigContextLoaderUtils : Could not detect default configuration classes for test class [com.PerfectPantry.PerfectPantry.PersonsApiIntegrationTests]: PersonsApiIntegrationTests does not declare any static, non-private, non-final, nested classes annotated with @Configuration.
2026-04-16T20:41:57.509-04:00  INFO 21820 --- [PerfectPantry] [           main] .b.t.c.SpringBootTestContextBootstrapper : Found @SpringBootConfiguration com.PerfectPantry.PerfectPantry.PerfectPantryApplication for test class com.PerfectPantry.PerfectPantry.PersonsApiIntegrationTests
2026-04-16T20:41:57.510-04:00  INFO 21820 --- [PerfectPantry] [           main] t.c.s.AnnotationConfigContextLoaderUtils : Could not detect default configuration classes for test class [com.PerfectPantry.PerfectPantry.PersonsApiIntegrationTests]: PersonsApiIntegrationTests does not declare any static, non-private, non-final, nested classes annotated with @Configuration.
2026-04-16T20:41:57.512-04:00  INFO 21820 --- [PerfectPantry] [           main] .b.t.c.SpringBootTestContextBootstrapper : Found @SpringBootConfiguration com.PerfectPantry.PerfectPantry.PerfectPantryApplication for test class com.PerfectPantry.PerfectPantry.PersonsApiIntegrationTests
2026-04-16T20:41:57.524-04:00  INFO 21820 --- [PerfectPantry] [           main] o.s.b.d.r.RestartApplicationListener     : Restart disabled due to context in which it is running

  .   ____          _            __ _ _
 /\\ / ___'_ __ _ _(_)_ __  __ _ \ \ \ \
( ( )\___ | '_ | '_| | '_ \/ _` | \ \ \ \
 \\/  ___)| |_)| | | | | || (_| |  ) ) ) )
  '  |____| .__|_| |_|_| |_\__, | / / / /
 =========|_|==============|___/=/_/_/_/

 :: Spring Boot ::                (v4.0.5)

2026-04-16T20:41:57.564-04:00  INFO 21820 --- [PerfectPantry] [           main] c.P.P.PersonsApiIntegrationTests         : Starting PersonsApiIntegrationTests using Java 24.0.2 with PID 21820 (started by evanf in C:\Users\evanf\Documents\projects\PerfectPantryBackend)
2026-04-16T20:41:57.565-04:00  INFO 21820 --- [PerfectPantry] [           main] c.P.P.PersonsApiIntegrationTests         : No active profile set, falling back to 1 default profile: "default"
2026-04-16T20:41:57.725-04:00  INFO 21820 --- [PerfectPantry] [           main] .s.d.r.c.RepositoryConfigurationDelegate : Bootstrapping Spring Data JDBC repositories in DEFAULT mode.
2026-04-16T20:41:57.730-04:00  INFO 21820 --- [PerfectPantry] [           main] .s.d.r.c.RepositoryConfigurationDelegate : Finished Spring Data repository scanning in 3 ms. Found 0 JDBC repository interfaces.
2026-04-16T20:41:58.050-04:00  INFO 21820 --- [PerfectPantry] [           main] o.s.boot.tomcat.TomcatWebServer          : Tomcat initialized with port 0 (http)
2026-04-16T20:41:58.076-04:00  INFO 21820 --- [PerfectPantry] [           main] o.apache.catalina.core.StandardService   : Starting service [Tomcat]
2026-04-16T20:41:58.076-04:00  INFO 21820 --- [PerfectPantry] [           main] o.apache.catalina.core.StandardEngine    : Starting Servlet engine: [Apache Tomcat/11.0.20]
2026-04-16T20:41:58.176-04:00  INFO 21820 --- [PerfectPantry] [           main] b.w.c.s.WebApplicationContextInitializer : Root WebApplicationContext: initialization completed in 607 ms
2026-04-16T20:41:58.257-04:00  INFO 21820 --- [PerfectPantry] [           main] com.zaxxer.hikari.HikariDataSource       : HikariPool-2 - Starting...
2026-04-16T20:41:58.280-04:00  INFO 21820 --- [PerfectPantry] [           main] com.zaxxer.hikari.pool.HikariPool        : HikariPool-2 - Added connection org.postgresql.jdbc.PgConnection@1cda3a6d
2026-04-16T20:41:58.281-04:00  INFO 21820 --- [PerfectPantry] [           main] com.zaxxer.hikari.HikariDataSource       : HikariPool-2 - Start completed.
2026-04-16T20:41:58.464-04:00  INFO 21820 --- [PerfectPantry] [           main] o.s.boot.tomcat.TomcatWebServer          : Tomcat started on port 51289 (http) with context path '/'
2026-04-16T20:41:58.469-04:00  INFO 21820 --- [PerfectPantry] [           main] c.P.P.PersonsApiIntegrationTests         : Started PersonsApiIntegrationTests in 0.947 seconds (process running for 11.169)
Request method:	GET
Request URI:	http://localhost:8080/v1/persons
Proxy:			<none>
Request params:	<none>
Query params:	<none>
Form params:	<none>
Path params:	<none>
Headers:		Accept=application/json, application/javascript, text/javascript, text/json
				Content-Type=application/json
Cookies:		<none>
Multiparts:		<none>
Body:			<none>
]]></system-out>
  </testcase>
</testsuite>